0 info it worked if it ends with ok
1 verbose cli [ 'C:\\Program Files\\nodejs\\node.exe',
1 verbose cli   'C:\\Users\\Igor\\AppData\\Roaming\\npm\\node_modules\\npm\\bin\\npm-cli.js',
1 verbose cli   'run',
1 verbose cli   'build-css' ]
2 info using npm@3.10.3
3 info using node@v6.3.1
4 verbose run-script [ 'prebuild-css', 'build-css', 'postbuild-css' ]
5 info lifecycle angular2-quickstart@1.0.0~prebuild-css: angular2-quickstart@1.0.0
6 silly lifecycle angular2-quickstart@1.0.0~prebuild-css: no script for prebuild-css, continuing
7 info lifecycle angular2-quickstart@1.0.0~build-css: angular2-quickstart@1.0.0
8 verbose lifecycle angular2-quickstart@1.0.0~build-css: unsafe-perm in lifecycle true
9 verbose lifecycle angular2-quickstart@1.0.0~build-css: PATH: C:\Users\Igor\AppData\Roaming\npm\node_modules\npm\bin\node-gyp-bin;C:\finishProject\CAGraduates\ng2-basic-sead-master\node_modules\.bin;C:\Program Files\nodejs;C:\Users\Igor\AppData\Roaming\npm\node_modules\npm\bin\node-gyp-bin;C:\finishProject\CAGraduates\ng2-basic-sead-master\node_modules\.bin;C:\Program Files\nodejs;C:\Program Files (x86)\Intel\iCLS Client\;C:\Program Files\Intel\iCLS Client\;C:\Windows\system32;C:\Windows;C:\Windows\System32\Wbem;C:\Windows\System32\WindowsPowerShell\v1.0\;C:\Program Files (x86)\Intel\Intel(R) Management Engine Components\DAL;C:\Program Files\Intel\Intel(R) Management Engine Components\DAL;C:\Program Files (x86)\Intel\Intel(R) Management Engine Components\IPT;C:\Program Files\Intel\Intel(R) Management Engine Components\IPT;C:\Program Files (x86)\NVIDIA Corporation\PhysX\Common;C:\Program Files\Git\cmd;C:\Program Files\nodejs\;C:\Program Files (x86)\Microsoft VS Code\bin;C:\Users\Igor\AppData\Roaming\npm
10 verbose lifecycle angular2-quickstart@1.0.0~build-css: CWD: C:\finishProject\CAGraduates\ng2-basic-sead-master
11 silly lifecycle angular2-quickstart@1.0.0~build-css: Args: [ '/d /s /c', 'node-sass scss/main.scss public/css/styles.css' ]
12 silly lifecycle angular2-quickstart@1.0.0~build-css: Returned: code: 1  signal: null
13 info lifecycle angular2-quickstart@1.0.0~build-css: Failed to exec build-css script
14 verbose stack Error: angular2-quickstart@1.0.0 build-css: `node-sass scss/main.scss public/css/styles.css`
14 verbose stack Exit status 1
14 verbose stack     at EventEmitter.<anonymous> (C:\Users\Igor\AppData\Roaming\npm\node_modules\npm\lib\utils\lifecycle.js:242:16)
14 verbose stack     at emitTwo (events.js:106:13)
14 verbose stack     at EventEmitter.emit (events.js:191:7)
14 verbose stack     at ChildProcess.<anonymous> (C:\Users\Igor\AppData\Roaming\npm\node_modules\npm\lib\utils\spawn.js:40:14)
14 verbose stack     at emitTwo (events.js:106:13)
14 verbose stack     at ChildProcess.emit (events.js:191:7)
14 verbose stack     at maybeClose (internal/child_process.js:852:16)
14 verbose stack     at Process.ChildProcess._handle.onexit (internal/child_process.js:215:5)
15 verbose pkgid angular2-quickstart@1.0.0
16 verbose cwd C:\finishProject\CAGraduates\ng2-basic-sead-master
17 error Windows_NT 10.0.10586
18 error argv "C:\\Program Files\\nodejs\\node.exe" "C:\\Users\\Igor\\AppData\\Roaming\\npm\\node_modules\\npm\\bin\\npm-cli.js" "run" "build-css"
19 error node v6.3.1
20 error npm  v3.10.3
21 error code ELIFECYCLE
22 error angular2-quickstart@1.0.0 build-css: `node-sass scss/main.scss public/css/styles.css`
22 error Exit status 1
23 error Failed at the angular2-quickstart@1.0.0 build-css script 'node-sass scss/main.scss public/css/styles.css'.
23 error Make sure you have the latest version of node.js and npm installed.
23 error If you do, this is most likely a problem with the angular2-quickstart package,
23 error not with npm itself.
23 error Tell the author that this fails on your system:
23 error     node-sass scss/main.scss public/css/styles.css
23 error You can get information on how to open an issue for this project with:
23 error     npm bugs angular2-quickstart
23 error Or if that isn't available, you can get their info via:
23 error     npm owner ls angular2-quickstart
23 error There is likely additional logging output above.
24 verbose exit [ 1, true ]
